2022-07-05 08:16:34.861  INFO 26968 --- [main] c.tedu.mallserver.MallserverApplication  : Starting MallserverApplication on LAPTOP-41H2COLK with PID 26968 (E:\项目实训\classproject\mallserver\target\classes started by 缘梦（￣︶￣）似梦 in E:\项目实训\classproject\mallserver)
2022-07-05 08:16:34.868 DEBUG 26968 --- [main] c.tedu.mallserver.MallserverApplication  : Running with Spring Boot v2.3.7.RELEASE, Spring v5.2.12.RELEASE
2022-07-05 08:16:34.868  INFO 26968 --- [main] c.tedu.mallserver.MallserverApplication  : No active profile set, falling back to default profiles: default
2022-07-05 08:16:36.181  INFO 26968 --- [main] o.s.b.w.embedded.tomcat.TomcatWebServer  : Tomcat initialized with port(s): 9002 (http)
2022-07-05 08:16:36.188  INFO 26968 --- [main] o.apache.catalina.core.StandardService   : Starting service [Tomcat]
2022-07-05 08:16:36.188  INFO 26968 --- [main] org.apache.catalina.core.StandardEngine  : Starting Servlet engine: [Apache Tomcat/9.0.41]
2022-07-05 08:16:36.356  INFO 26968 --- [main] o.a.c.c.C.[Tomcat].[localhost].[/]       : Initializing Spring embedded WebApplicationContext
2022-07-05 08:16:36.356  INFO 26968 --- [main] w.s.c.ServletWebServerApplicationContext : Root WebApplicationContext: initialization completed in 1437 ms
2022-07-05 08:16:39.188  INFO 26968 --- [main] pertySourcedRequestMappingHandlerMapping : Mapped URL path [/v2/api-docs] onto method [springfox.documentation.swagger2.web.Swagger2ControllerWebMvc#getDocumentation(String, HttpServletRequest)]
2022-07-05 08:16:39.260  INFO 26968 --- [main] o.s.s.concurrent.ThreadPoolTaskExecutor  : Initializing ExecutorService 'applicationTaskExecutor'
2022-07-05 08:16:39.464  INFO 26968 --- [main] o.s.b.w.embedded.tomcat.TomcatWebServer  : Tomcat started on port(s): 9002 (http) with context path ''
2022-07-05 08:16:39.464  INFO 26968 --- [main] d.s.w.p.DocumentationPluginsBootstrapper : Documentation plugins bootstrapped
2022-07-05 08:16:39.464  INFO 26968 --- [main] d.s.w.p.DocumentationPluginsBootstrapper : Found 1 custom documentation plugin(s)
2022-07-05 08:16:39.501  INFO 26968 --- [main] s.d.s.w.s.ApiListingReferenceScanner     : Scanning for api listing references
2022-07-05 08:16:39.660  INFO 26968 --- [main] .d.s.w.r.o.CachingOperationNameGenerator : Generating unique operation named: selectAllUsingGET_1
2022-07-05 08:16:39.660  INFO 26968 --- [main] .d.s.w.r.o.CachingOperationNameGenerator : Generating unique operation named: selectAllUsingHEAD_1
2022-07-05 08:16:39.660  INFO 26968 --- [main] .d.s.w.r.o.CachingOperationNameGenerator : Generating unique operation named: selectAllUsingPOST_1
2022-07-05 08:16:39.660  INFO 26968 --- [main] .d.s.w.r.o.CachingOperationNameGenerator : Generating unique operation named: selectAllUsingPUT_1
2022-07-05 08:16:39.660  INFO 26968 --- [main] .d.s.w.r.o.CachingOperationNameGenerator : Generating unique operation named: selectAllUsingPATCH_1
2022-07-05 08:16:39.660  INFO 26968 --- [main] .d.s.w.r.o.CachingOperationNameGenerator : Generating unique operation named: selectAllUsingDELETE_1
2022-07-05 08:16:39.668  INFO 26968 --- [main] .d.s.w.r.o.CachingOperationNameGenerator : Generating unique operation named: selectAllUsingOPTIONS_1
2022-07-05 08:16:39.668  INFO 26968 --- [main] .d.s.w.r.o.CachingOperationNameGenerator : Generating unique operation named: selectAllUsingTRACE_1
2022-07-05 08:16:39.718  INFO 26968 --- [main] c.tedu.mallserver.MallserverApplication  : Started MallserverApplication in 5.324 seconds (JVM running for 7.944)
2022-07-05 08:17:24.485  INFO 26968 --- [http-nio-9002-exec-1] o.a.c.c.C.[Tomcat].[localhost].[/]       : Initializing Spring DispatcherServlet 'dispatcherServlet'
2022-07-05 08:17:24.486  INFO 26968 --- [http-nio-9002-exec-1] o.s.web.servlet.DispatcherServlet        : Initializing Servlet 'dispatcherServlet'
2022-07-05 08:17:24.498  INFO 26968 --- [http-nio-9002-exec-1] o.s.web.servlet.DispatcherServlet        : Completed initialization in 11 ms
